<?xml version="1.0" encoding="UTF-8"?>
<!-- Generated by org.testng.reporters.JUnitReportReporter -->
<testsuite hostname="LAPTOP-LATIJUB8" failures="0" tests="7" name="com.tutorialsninja.qa.testcases.LoginTest" time="28.579" errors="0" timestamp="2024-10-22T14:33:56 IST" skipped="0">
  <testcase classname="com.tutorialsninja.qa.testcases.LoginTest" name="verifyloginwithvalidcredentials" time="4.025"/>
  <testcase classname="com.tutorialsninja.qa.testcases.LoginTest" name="verifyloginwithvalidcredentials" time="3.796"/>
  <testcase classname="com.tutorialsninja.qa.testcases.LoginTest" name="verifyloginwithvalidcredentials" time="3.793"/>
  <testcase classname="com.tutorialsninja.qa.testcases.LoginTest" name="verifyloginwithinvalidcredentials" time="3.284"/>
  <testcase classname="com.tutorialsninja.qa.testcases.LoginTest" name="verifyloginwithinvalidemailandvalidpassword" time="4.287"/>
  <testcase classname="com.tutorialsninja.qa.testcases.LoginTest" name="verifyloginwithvalidemailandinvalidpassword" time="3.666"/>
  <testcase classname="com.tutorialsninja.qa.testcases.LoginTest" name="verifyloginwithoutcredentails" time="5.728"/>
</testsuite> <!-- com.tutorialsninja.qa.testcases.LoginTest -->
