<?xml version="1.0" encoding="UTF-8"?>
<!-- Generated by org.testng.reporters.JUnitReportReporter -->
<testsuite hostname="LAPTOP-LATIJUB8" failures="0" tests="4" name="com.tutorialsninja.qa.testcases.RegisterTest" time="20.974" errors="0" timestamp="2024-10-22T14:33:56 IST" skipped="0">
  <testcase classname="com.tutorialsninja.qa.testcases.RegisterTest" name="verifyingregisteringaccountwithmadatoryfields" time="4.544"/>
  <testcase classname="com.tutorialsninja.qa.testcases.RegisterTest" name="verifyingregisteringaccountwithallfields" time="7.990"/>
  <testcase classname="com.tutorialsninja.qa.testcases.RegisterTest" name="verifyingregisteringaccountwithexistingemail" time="4.217"/>
  <testcase classname="com.tutorialsninja.qa.testcases.RegisterTest" name="verifyingregisteringaccountwithoutprovidingdetailsfields" time="4.223"/>
</testsuite> <!-- com.tutorialsninja.qa.testcases.RegisterTest -->
